<?xml version="1.0" encoding="UTF-8"?>
<!-- Generated by org.testng.reporters.JUnitReportReporter -->
<testsuite hostname="Aravindh-PC" failures="0" tests="1" name="com.crm.qa.testcases.ContactspageTest" time="37.908" errors="0" timestamp="27 Apr 2019 01:02:18 GMT" skipped="0">
  <testcase classname="com.crm.qa.testcases.ContactspageTest" name="contactslabeltest" time="37.908"/>
</testsuite> <!-- com.crm.qa.testcases.ContactspageTest -->
