<?xml version="1.0" encoding="UTF-8"?>
<!-- Generated by org.testng.reporters.JUnitReportReporter -->
<testsuite hostname="Aravindh-PC" failures="0" tests="1" name="com.crm.qa.testcases.HomepageTest" time="30.887" errors="0" timestamp="27 Apr 2019 01:02:18 GMT" skipped="0">
  <testcase classname="com.crm.qa.testcases.HomepageTest" name="homepagetitletest" time="30.887"/>
</testsuite> <!-- com.crm.qa.testcases.HomepageTest -->
