<?xml version="1.0" encoding="UTF-8"?>
<!-- Generated by org.testng.reporters.JUnitReportReporter -->
<testsuite hostname="Aravindh-PC" failures="0" tests="3" name="com.crm.qa.testcases.HomepageTest" time="102.972" errors="0" timestamp="27 Apr 2019 07:09:52 GMT" skipped="0">
  <testcase classname="com.crm.qa.testcases.HomepageTest" name="homepagetitletest" time="33.729"/>
  <testcase classname="com.crm.qa.testcases.HomepageTest" name="userlabeltest" time="31.456"/>
  <testcase classname="com.crm.qa.testcases.HomepageTest" name="newcontacttest" time="37.787"/>
</testsuite> <!-- com.crm.qa.testcases.HomepageTest -->
