<?xml version="1.0" encoding="UTF-8"?>
<!-- Generated by org.testng.reporters.JUnitReportReporter -->
<testsuite hostname="Aravindh-PC" failures="0" tests="7" name="com.crm.qa.testcases.ContactspageTest" time="317.436" errors="0" timestamp="27 Apr 2019 07:09:52 GMT" skipped="0">
  <testcase classname="com.crm.qa.testcases.ContactspageTest" name="contactslabeltest" time="37.278"/>
  <testcase classname="com.crm.qa.testcases.ContactspageTest" name="selectonecontact" time="35.699"/>
  <testcase classname="com.crm.qa.testcases.ContactspageTest" name="selectmultiplecontact" time="45.503"/>
  <testcase classname="com.crm.qa.testcases.ContactspageTest" name="selectcontact" time="51.174"/>
  <testcase classname="com.crm.qa.testcases.ContactspageTest" name="createnewcontactmain" time="49.079"/>
  <testcase classname="com.crm.qa.testcases.ContactspageTest" name="createnewcontactmain" time="51.048"/>
  <testcase classname="com.crm.qa.testcases.ContactspageTest" name="createnewcontactmain" time="47.655"/>
</testsuite> <!-- com.crm.qa.testcases.ContactspageTest -->
